#0 building with "desktop-linux" instance using docker driver

#1 [internal] load build definition from Dockerfile
#1 transferring dockerfile: 700B done
#1 DONE 0.0s

#2 [internal] load metadata for docker.io/library/nginx:1.27-alpine
#2 DONE 0.1s

#3 [internal] load metadata for docker.io/library/node:20
#3 DONE 0.1s

#4 [internal] load .dockerignore
#4 transferring context: 384B done
#4 DONE 0.0s

#5 [builder 1/6] FROM docker.io/library/node:20@sha256:66d2eb8b463114d1f416d61dbd5fa9cea83e8fc250feb997338467728a06124b
#5 DONE 0.0s

#6 [builder 2/6] WORKDIR /app
#6 CACHED

#7 [stage-1 1/3] FROM docker.io/library/nginx:1.27-alpine@sha256:65645c7bb6a0661892a8b03b89d0743208a18dd2f3f17a54ef4b76fb8e2f2a10
#7 CACHED

#8 [internal] load build context
#8 transferring context: 742B done
#8 DONE 0.0s

#9 [stage-1 2/3] COPY nginx.conf /etc/nginx/conf.d/default.conf
#9 DONE 0.0s

#10 [builder 3/6] COPY package.json package-lock.json* ./
#10 DONE 0.0s

#11 [builder 4/6] RUN npm install
#11 11.80 npm error code ETARGET
#11 11.80 npm error notarget No matching version found for @google/genai@^0.2.1.
#11 11.80 npm error notarget In most cases you or one of your dependencies are requesting
#11 11.80 npm error notarget a package version that doesn't exist.
#11 11.80 npm notice
#11 11.80 npm notice New major version of npm available! 10.8.2 -> 11.6.4
#11 11.80 npm notice Changelog: https://github.com/npm/cli/releases/tag/v11.6.4
#11 11.80 npm notice To update run: npm install -g npm@11.6.4
#11 11.80 npm notice
#11 11.80 npm error A complete log of this run can be found in: /root/.npm/_logs/2025-12-01T20_34_35_799Z-debug-0.log
#11 ERROR: process "/bin/sh -c npm install" did not complete successfully: exit code: 1
------
 > [builder 4/6] RUN npm install:
11.80 npm error code ETARGET
11.80 npm error notarget No matching version found for @google/genai@^0.2.1.
11.80 npm error notarget In most cases you or one of your dependencies are requesting
11.80 npm error notarget a package version that doesn't exist.
11.80 npm notice
11.80 npm notice New major version of npm available! 10.8.2 -> 11.6.4
11.80 npm notice Changelog: https://github.com/npm/cli/releases/tag/v11.6.4
11.80 npm notice To update run: npm install -g npm@11.6.4
11.80 npm notice
11.80 npm error A complete log of this run can be found in: /root/.npm/_logs/2025-12-01T20_34_35_799Z-debug-0.log
------
Dockerfile:10
--------------------
   8 |     
   9 |     # Install dependencies
  10 | >>> RUN npm install
  11 |     
  12 |     # Now copy the rest of the source code
--------------------
ERROR: failed to build: failed to solve: process "/bin/sh -c npm install" did not complete successfully: exit code: 1

View build details: docker-desktop://dashboard/build/desktop-linux/desktop-linux/ndja8akm6adkdtl0naxfybhhg
